<?xml version="1.0" encoding="UTF-8"?>
<testsuites name="jest tests" tests="4" failures="0" errors="0" time="0.239">
  <testsuite name="#TicketService" errors="0" failures="0" skipped="0" timestamp="2025-09-14T20:39:49" time="0.178" tests="2">
    <testcase classname="#TicketService building the ticket request object should call getTotalTicketsByType to get a ticket request object" name="#TicketService building the ticket request object should call getTotalTicketsByType to get a ticket request object" time="0.001">
    </testcase>
    <testcase classname="#TicketService building the ticket request object log the booking details before calling the validation service" name="#TicketService building the ticket request object log the booking details before calling the validation service" time="0">
    </testcase>
  </testsuite>
  <testsuite name="#TicketService" errors="0" failures="0" skipped="0" timestamp="2025-09-14T20:39:49" time="0.033" tests="2">
    <testcase classname="#TicketService building the ticket request object should call getTotalTicketsByType to get a ticket request object" name="#TicketService building the ticket request object should call getTotalTicketsByType to get a ticket request object" time="0.001">
    </testcase>
    <testcase classname="#TicketService building the ticket request object log the booking details before calling the validation service" name="#TicketService building the ticket request object log the booking details before calling the validation service" time="0">
    </testcase>
  </testsuite>
</testsuites>