<?xml version="1.0" encoding="UTF-8"?>
<testsuites name="jest tests" tests="2" failures="0" errors="0" time="0.41">
  <testsuite name="#TicketService" errors="0" failures="0" skipped="0" timestamp="2025-09-14T20:25:55" time="0.314" tests="1">
    <testcase classname="#TicketService building the ticket request object logs the call" name="#TicketService building the ticket request object logs the call" time="0.001">
    </testcase>
  </testsuite>
  <testsuite name="#TicketService" errors="0" failures="0" skipped="0" timestamp="2025-09-14T20:25:55" time="0.039" tests="1">
    <testcase classname="#TicketService building the ticket request object logs the call" name="#TicketService building the ticket request object logs the call" time="0">
    </testcase>
  </testsuite>
</testsuites>